<<<<<<< HEAD:reports/data/attachments/22b475085a71a186.txt
2023-02-06 17:30:26.977 | INFO     | httprunner.runner:test_start:450 - Start to run testcase: testcase description, TestCase ID: 771c6fd7-1c47-4058-baa0-77403f0a9a39
2023-02-06 17:30:26.980 | INFO     | httprunner.runner:__run_step:292 - run step begin: /third/wallet/accounts/v1 >>>>>>
2023-02-06 17:30:27.593 | DEBUG    | httprunner.client:request:186 - client IP: 192.168.19.130, Port: 53036
2023-02-06 17:30:27.593 | DEBUG    | httprunner.client:request:194 - server IP: 211.159.143.37, Port: 443
2023-02-06 17:30:27.593 | DEBUG    | httprunner.client:log_print:40 - 
=======
2022-03-01 22:15:55.792 | INFO     | httprunner.runner:test_start:451 - Start to run testcase: testcase description, TestCase ID: 0c7f86f6-25ad-41ae-8296-00f3f7a119ea
2022-03-01 22:15:55.793 | INFO     | httprunner.runner:__run_step:292 - run step begin: /third/wallet/accounts/v1 >>>>>>
2022-03-01 22:15:56.099 | DEBUG    | httprunner.client:request:186 - client IP: 192.168.0.102, Port: 51625
2022-03-01 22:15:56.099 | DEBUG    | httprunner.client:request:194 - server IP: 58.87.82.241, Port: 443
2022-03-01 22:15:56.099 | DEBUG    | httprunner.client:log_print:40 - 
>>>>>>> de215a366e45aa6fa08058f7b469ce5dbe1851f0:logs/0c7f86f6-25ad-41ae-8296-00f3f7a119ea.run.log
================== request details ==================
method   : GET
url      : https://app.yinxiang.com/third/wallet/accounts/v1
headers  : {
    "User-Agent": "YXBJ Android New/master_286.2024059 (zh_CN); Android/11; M2102J2SC/30; EDAMVersion=V2;",
    "Accept-Encoding": "gzip",
    "Accept": "*/*",
    "Connection": "Keep-Alive",
    "auth-token": "S=s31:U=1881e6e:E=1c77b6ef278:C=17e0e833960:P=1dd:A=yx-android-xauth-new:V=2:H=6e90184c3542e4eeae4db4487dd9ac09",
    "Host": "app.yinxiang.com",
<<<<<<< HEAD:reports/data/attachments/22b475085a71a186.txt
    "HRUN-Request-ID": "HRUN-771c6fd7-1c47-4058-baa0-77403f0a9a39-826980"
=======
    "HRUN-Request-ID": "HRUN-0c7f86f6-25ad-41ae-8296-00f3f7a119ea-155793"
>>>>>>> de215a366e45aa6fa08058f7b469ce5dbe1851f0:logs/0c7f86f6-25ad-41ae-8296-00f3f7a119ea.run.log
}
cookies  : {}
body     : None

<<<<<<< HEAD:reports/data/attachments/22b475085a71a186.txt
2023-02-06 17:30:27.594 | DEBUG    | httprunner.client:log_print:40 - 
=======
2022-03-01 22:15:56.100 | DEBUG    | httprunner.client:log_print:40 - 
>>>>>>> de215a366e45aa6fa08058f7b469ce5dbe1851f0:logs/0c7f86f6-25ad-41ae-8296-00f3f7a119ea.run.log
================== response details ==================
status_code : 200
headers  : {
    "Date": "Mon, 06 Feb 2023 09:30:28 GMT",
    "Content-Type": "application/json",
    "Content-Length": "255",
    "Connection": "keep-alive",
    "grpc-encoding": "identity",
    "grpc-accept-encoding": "gzip",
<<<<<<< HEAD:reports/data/attachments/22b475085a71a186.txt
    "x-envoy-upstream-service-time": "105",
    "grpc-status": "0",
    "server": "envoy",
    "X-App-Server": "app-lb-5.prod1.bj.yxops.net/msvc-wallet-accounts/msvc-wallet-accounts"
=======
    "x-envoy-upstream-service-time": "47",
    "grpc-status": "0",
    "content-length": "255",
    "date": "Tue, 01 Mar 2022 14:15:55 GMT",
    "server": "envoy",
    "X-App-Server": "app-lb-3.prod1.bj.yxops.net/msvc-wallet-accounts/msvc-wallet-accounts"
>>>>>>> de215a366e45aa6fa08058f7b469ce5dbe1851f0:logs/0c7f86f6-25ad-41ae-8296-00f3f7a119ea.run.log
}
cookies  : {}
encoding : utf-8
content_type : application/json
body     : {
    "code": "SUCCESS",
    "message": "",
    "account": {
        "bindWechat": true,
        "bindTradePasscode": false,
        "bindCellPhone": true,
        "enable2Step": false,
        "wechatNickName": "阿琪",
        "cellPhone": "187*****462",
        "lastTradePasscodeUpdatedTime": ""
    }
}

<<<<<<< HEAD:reports/data/attachments/22b475085a71a186.txt
2023-02-06 17:30:27.594 | INFO     | httprunner.client:request:217 - status_code: 200, response_time(ms): 612.34 ms, response_length: 0 bytes
2023-02-06 17:30:27.594 | INFO     | httprunner.response:validate:249 - assert status_code equal 200(int)	==> pass
2023-02-06 17:30:27.594 | INFO     | httprunner.response:validate:249 - assert body.code equal SUCCESS(str)	==> pass
2023-02-06 17:30:27.595 | INFO     | httprunner.response:validate:249 - assert body.message equal (str)	==> pass
2023-02-06 17:30:27.595 | INFO     | httprunner.runner:__run_step:304 - run step end: /third/wallet/accounts/v1 <<<<<<

2023-02-06 17:30:27.595 | INFO     | httprunner.runner:test_start:460 - generate testcase log: /Users/yangzhiqi/PycharmProjects/hprunner/logs/771c6fd7-1c47-4058-baa0-77403f0a9a39.run.log
=======
2022-03-01 22:15:56.100 | INFO     | httprunner.client:request:218 - status_code: 200, response_time(ms): 305.44 ms, response_length: 255 bytes
2022-03-01 22:15:56.100 | INFO     | httprunner.response:validate:249 - assert status_code equal 200(int)	==> pass
2022-03-01 22:15:56.100 | INFO     | httprunner.response:validate:249 - assert body.code equal SUCCESS(str)	==> pass
2022-03-01 22:15:56.100 | INFO     | httprunner.response:validate:249 - assert body.message equal (str)	==> pass
2022-03-01 22:15:56.101 | INFO     | httprunner.runner:__run_step:304 - run step end: /third/wallet/accounts/v1 <<<<<<

>>>>>>> de215a366e45aa6fa08058f7b469ce5dbe1851f0:logs/0c7f86f6-25ad-41ae-8296-00f3f7a119ea.run.log
