2023-02-06 17:29:56.272 | INFO     | httprunner.runner:test_start:450 - Start to run testcase: testcase description, TestCase ID: 5796ecae-9659-4632-9db7-48e54fd054f3
2023-02-06 17:29:56.273 | INFO     | httprunner.runner:__run_step:292 - run step begin: /third/wallet/accounts/v1 >>>>>>
2023-02-06 17:29:56.746 | DEBUG    | httprunner.client:request:186 - client IP: 192.168.19.130, Port: 52938
2023-02-06 17:29:56.746 | DEBUG    | httprunner.client:request:194 - server IP: 211.159.143.37, Port: 443
2023-02-06 17:29:56.747 | DEBUG    | httprunner.client:log_print:40 - 
================== request details ==================
method   : GET
url      : https://app.yinxiang.com/third/wallet/accounts/v1
headers  : {
    "User-Agent": "YXBJ Android New/master_286.2024059 (zh_CN); Android/11; M2102J2SC/30; EDAMVersion=V2;",
    "Accept-Encoding": "gzip",
    "Accept": "*/*",
    "Connection": "Keep-Alive",
    "auth-token": "S=s31:U=1881e6e:E=1c77b6ef278:C=17e0e833960:P=1dd:A=yx-android-xauth-new:V=2:H=6e90184c3542e4eeae4db4487dd9ac09",
    "Host": "app.yinxiang.com",
    "HRUN-Request-ID": "HRUN-5796ecae-9659-4632-9db7-48e54fd054f3-796274"
}
cookies  : {}
body     : None

2023-02-06 17:29:56.747 | DEBUG    | httprunner.client:log_print:40 - 
================== response details ==================
status_code : 200
headers  : {
    "Date": "Mon, 06 Feb 2023 09:29:57 GMT",
    "Content-Type": "application/json",
    "Content-Length": "255",
    "Connection": "keep-alive",
    "grpc-encoding": "identity",
    "grpc-accept-encoding": "gzip",
    "x-envoy-upstream-service-time": "139",
    "grpc-status": "0",
    "server": "envoy",
    "X-App-Server": "app-lb-5.prod1.bj.yxops.net/msvc-wallet-accounts/msvc-wallet-accounts"
}
cookies  : {}
encoding : utf-8
content_type : application/json
body     : {
    "code": "SUCCESS",
    "message": "",
    "account": {
        "bindWechat": true,
        "bindTradePasscode": false,
        "bindCellPhone": true,
        "enable2Step": false,
        "wechatNickName": "阿琪",
        "cellPhone": "187*****462",
        "lastTradePasscodeUpdatedTime": ""
    }
}

2023-02-06 17:29:56.748 | INFO     | httprunner.client:request:217 - status_code: 200, response_time(ms): 471.88 ms, response_length: 0 bytes
2023-02-06 17:29:56.748 | INFO     | httprunner.response:validate:249 - assert status_code equal 200(int)	==> pass
2023-02-06 17:29:56.748 | INFO     | httprunner.response:validate:249 - assert body.code equal SUCCESS(str)	==> pass
2023-02-06 17:29:56.749 | INFO     | httprunner.response:validate:249 - assert body.message equal (str)	==> pass
2023-02-06 17:29:56.749 | INFO     | httprunner.runner:__run_step:304 - run step end: /third/wallet/accounts/v1 <<<<<<

